Build started 9/22/2010 11:43:30 PM.
     1>Project "C:\Users\Erik\Documents\My Dropbox\Computer Science\String2\String2\String2.vcxproj" on node 2 (build target(s)).
     1>InitializeBuildStatus:
         Touching "Debug\String2.unsuccessfulbuild".
       ClCompile:
         C:\Program Files (x86)\Microsoft Visual Studio 10.0\VC\bin\CL.exe /c /ZI /nologo /W3 /WX- /Od /Oy- /D WIN32 /D _DEBUG /D _CONSOLE /D _UNICODE /D UNICODE /Gm /EHsc /RTC1 /MDd /GS /fp:precise /Zc:wchar_t /Zc:forScope /Fo"Debug\\" /Fd"Debug\vc100.pdb" /Gd /TP /analyze- /errorReport:prompt main.cpp String.cpp
         String.cpp
     1>c:\users\erik\documents\my dropbox\computer science\string2\string2\string.h(51): error C2039: 'ostream' : is not a member of 'std'
     1>c:\users\erik\documents\my dropbox\computer science\string2\string2\string.h(51): error C2143: syntax error : missing ';' before '&'
     1>c:\users\erik\documents\my dropbox\computer science\string2\string2\string.h(51): error C4430: missing type specifier - int assumed. Note: C++ does not support default-int
     1>c:\users\erik\documents\my dropbox\computer science\string2\string2\string.h(51): error C2039: 'ostream' : is not a member of 'std'
     1>c:\users\erik\documents\my dropbox\computer science\string2\string2\string.h(51): error C2065: 'out' : undeclared identifier
     1>c:\users\erik\documents\my dropbox\computer science\string2\string2\string.h(51): error C2059: syntax error : 'const'
     1>c:\users\erik\documents\my dropbox\computer science\string2\string2\string.cpp(10): error C2065: 'NULL' : undeclared identifier
     1>c:\users\erik\documents\my dropbox\computer science\string2\string2\string.cpp(32): error C2065: 'NULL' : undeclared identifier
     1>c:\users\erik\documents\my dropbox\computer science\string2\string2\string.cpp(40): error C3867: 'String::GetLength': function call missing argument list; use '&String::GetLength' to create a pointer to member
     1>c:\users\erik\documents\my dropbox\computer science\string2\string2\string.cpp(43): error C2143: syntax error : missing ';' before 'for'
     1>c:\users\erik\documents\my dropbox\computer science\string2\string2\string.cpp(53): error C2065: 'source' : undeclared identifier
     1>c:\users\erik\documents\my dropbox\computer science\string2\string2\string.cpp(53): error C2228: left of '.GetLength' must have class/struct/union
                 type is ''unknown-type''
     1>c:\users\erik\documents\my dropbox\computer science\string2\string2\string.cpp(58): error C2059: syntax error : '}'
     1>c:\users\erik\documents\my dropbox\computer science\string2\string2\string.cpp(73): error C3867: 'String::GetLength': function call missing argument list; use '&String::GetLength' to create a pointer to member
     1>c:\users\erik\documents\my dropbox\computer science\string2\string2\string.cpp(73): error C2297: '+' : illegal, right operand has type 'int (__thiscall String::* )(void) const'
     1>c:\users\erik\documents\my dropbox\computer science\string2\string2\string.cpp(109): error C2059: syntax error : '}'
     1>c:\users\erik\documents\my dropbox\computer science\string2\string2\string.cpp(109): error C2143: syntax error : missing ';' before '}'
     1>c:\users\erik\documents\my dropbox\computer science\string2\string2\string.cpp(109): error C2059: syntax error : '}'
     1>c:\users\erik\documents\my dropbox\computer science\string2\string2\string.cpp(111): error C2039: 'ostream' : is not a member of 'std'
     1>c:\users\erik\documents\my dropbox\computer science\string2\string2\string.cpp(111): error C2039: 'ostream' : is not a member of 'std'
     1>c:\users\erik\documents\my dropbox\computer science\string2\string2\string.cpp(112): error C2143: syntax error : missing ';' before '{'
     1>c:\users\erik\documents\my dropbox\computer science\string2\string2\string.cpp(112): error C2447: '{' : missing function header (old-style formal list?)
         main.cpp
         Generating Code...
     1>Done Building Project "C:\Users\Erik\Documents\My Dropbox\Computer Science\String2\String2\String2.vcxproj" (build target(s)) -- FAILED.

Build FAILED.

Time Elapsed 00:00:01.30
